Log file open, 03/27/15 08:46:42
LogInit:Display: Running engine for game: RedoxV2
LogInit: Version: 4.7.3-2479750+++depot+UE4-Releases+4.7
LogInit: API Version: 2455222
LogInit: Compiled (64-bit): Mar 15 2015 23:20:45
LogInit: Compiled with Visual C++: 18.00.21005.01
LogInit: Build Configuration: Development
LogInit: Branch Name: ++depot+UE4-Releases+4.7
LogInit: Command line:  
LogInit: Base directory: C:/Program Files/Epic Games/4.7/Engine/Binaries/Win64/
LogInit: Rocket: 1
[2015.03.27-12.46.42:599][  0]LogTaskGraph: Started task graph with 3 named threads and 4 total threads.
[2015.03.27-12.46.42:653][  0]LogOnline:Warning: No default platform service specified for OnlineSubsystem
[2015.03.27-12.46.42:684][  0]LogInit: Presizing for 0 objects not considered by GC, pre-allocating 0 bytes.
[2015.03.27-12.46.42:708][  0]LogInit: Object subsystem initialized
[2015.03.27-12.46.42:712][  0]LogConsoleResponse:Warning: Skipping Unknown console variable: 'TranslucentSortAxis = (X=0.000000,Y=-1.000000,Z=0.000000)'
[2015.03.27-12.46.42:712][  0]LogConsoleResponse:Warning:   Found in ini file 'C:/Users/Michael/Documents/Unreal Projects/Redoxv2/RedoxV2/Saved/Config/Windows/Engine.ini', in section '[/Script/Engine.RendererSettings]'
[2015.03.27-12.46.42:712][  0]LogConsoleResponse:Warning: Skipping Unknown console variable: 'UIScaleRule = ShortestSide'
[2015.03.27-12.46.42:712][  0]LogConsoleResponse:Warning:   Found in ini file 'C:/Users/Michael/Documents/Unreal Projects/Redoxv2/RedoxV2/Saved/Config/Windows/Engine.ini', in section '[/Script/Engine.RendererSettings]'
[2015.03.27-12.46.42:712][  0]LogConsoleResponse:Warning: Skipping Unknown console variable: 'UIScaleCurve = (EditorCurveData=(Keys=),ExternalCurve=None)'
[2015.03.27-12.46.42:712][  0]LogConsoleResponse:Warning:   Found in ini file 'C:/Users/Michael/Documents/Unreal Projects/Redoxv2/RedoxV2/Saved/Config/Windows/Engine.ini', in section '[/Script/Engine.RendererSettings]'
[2015.03.27-12.46.42:713][  0]LogInit: Selected Device Profile: [Windows]
[2015.03.27-12.46.42:713][  0]LogInit: Applying CVar settings loaded from the selected device profile: [Windows]
[2015.03.27-12.46.42:737][  0]LogInit: Computer: MICHAEL-LAPTOP
[2015.03.27-12.46.42:737][  0]LogInit: User: Michael
[2015.03.27-12.46.42:737][  0]LogInit: CPU Page size=4096, Cores=2
[2015.03.27-12.46.42:737][  0]LogInit: High frequency timer resolution =2.337939 MHz
[2015.03.27-12.46.42:737][  0]LogMemory: Memory total: Physical=3.9GB (4GB approx) Virtual=8192.0GB
[2015.03.27-12.46.42:738][  0]LogMemory: Platform Memory Stats for Windows
[2015.03.27-12.46.42:738][  0]LogMemory: Process Physical Memory: 46.98 MB used, 46.98 MB peak
[2015.03.27-12.46.42:738][  0]LogMemory: Process Virtual Memory: 23.52 MB used, 23.52 MB peak
[2015.03.27-12.46.42:738][  0]LogMemory: Physical Memory: 2695.26 MB used, 3957.84 MB total
[2015.03.27-12.46.42:738][  0]LogMemory: Virtual Memory: 273.14 MB used, 8388608.00 MB total
[2015.03.27-12.46.42:768][  0]LogD3D11RHI: Found D3D11 adapter 0: Intel(R) HD Graphics (Feature Level 10_0)
[2015.03.27-12.46.42:768][  0]LogD3D11RHI: Adapter has 64MB of dedicated video memory, 0MB of dedicated system memory, and 1632MB of shared system memory, 1 output[s]
[2015.03.27-12.46.42:768][  0]LogD3D11RHI: Chosen D3D11 Adapter Id = 0
[2015.03.27-12.46.42:775][  0]LogRHI: Texture pool is 616 MB (70% of 880 MB)
[2015.03.27-12.46.42:781][  0]LogD3D11RHI: Async texture creation disabled: no driver support
[2015.03.27-12.46.42:832][  0]LogTextLocalizationManager: The requested culture ('en_US') has no localization data; parent culture's ('en') localization data will be used.
[2015.03.27-12.46.42:922][  0]LogTextLocalizationManager:Warning: Loading localization resources contain conflicting entries for (Namespace:UICommands, Key:Save_ToolTip):
Resource: (C:/Program Files/Epic Games/4.7/Engine/Content/Localization/Editor/en/Editor.locres) Hash: (-29098895) String: (Saves the current level to disk)
Resource: (C:/Program Files/Epic Games/4.7/Engine/Content/Localization/Engine/en/Engine.locres) Hash: (-1280300587) String: (Save selected data to vlog file)
[2015.03.27-12.46.42:922][  0]LogTextLocalizationManager:Warning: Loading localization resources contain conflicting entries for (Namespace:ContentBrowser, Key:ImportAssetToolTip):
Resource: (C:/Program Files/Epic Games/4.7/Engine/Content/Localization/Editor/en/Editor.locres) Hash: (-630476809) String: (Import to {0}...)
Resource: (C:/Program Files/Epic Games/4.7/Engine/Content/Localization/Editor/en/Editor.locres) Hash: (1271782899) String: (Imports an asset from file to this folder.)
[2015.03.27-12.46.43:050][  0]LogContentStreaming: Texture pool size is 0.000000MB
[2015.03.27-12.46.46:261][  0]LogTargetPlatformManager:Display: Building Assets For Windows
[2015.03.27-12.46.47:039][  0]LogTargetPlatformManager:Display: Building Assets For Windows
[2015.03.27-12.46.47:119][  0]LogDerivedDataCache:Display: Max Cache Size: 512 MB
[2015.03.27-12.46.47:234][  0]LogDerivedDataCache: Loaded boot cache 0.12s 36MB C:/Users/Michael/AppData/Local/UnrealEngine/4.7/DerivedDataCache/Boot.ddc.
[2015.03.27-12.46.47:234][  0]LogDerivedDataCache:Display: Loaded Boot cache: C:/Users/Michael/AppData/Local/UnrealEngine/4.7/DerivedDataCache/Boot.ddc
[2015.03.27-12.46.47:235][  0]LogDerivedDataCache: FDerivedDataBackendGraph:  Pak pak cache file ../../../../../../Users/Michael/Documents/Unreal Projects/Redoxv2/RedoxV2/DerivedDataCache/DDC.ddp not found, will not use a pak cache.
[2015.03.27-12.46.47:235][  0]LogDerivedDataCache: Unable to find inner node Pak for hierarchical cache Hierarchy.
[2015.03.27-12.46.47:397][  0]LogDerivedDataCache:Display: Pak cache opened for reading ../../../Engine/DerivedDataCache/Compressed.ddp.
[2015.03.27-12.46.47:409][  0]LogDerivedDataCache: Using Local data cache path C:/Users/Michael/AppData/Local/UnrealEngine/Common/DerivedDataCache: Writable
[2015.03.27-12.46.47:889][  0]LogMeshUtilities: No automatic mesh reduction module available
[2015.03.27-12.46.47:889][  0]LogMeshUtilities: No automatic mesh merging module available
[2015.03.27-12.46.48:488][  0]LogInit: WinSock: version 1.1 (2.2), MaxSocks=32767, MaxUdp=65467
[2015.03.27-12.46.48:588][  0]LogSlate:Warning: Failed to load font data from '../../../Engine/Content/Slate/Fonts/Roboto-Italic.ttf'
[2015.03.27-12.46.49:704][  0]UdpMessaging: Initializing bridge on interface 0.0.0.0:0 to multicast group 230.0.0.1:6666.
[2015.03.27-12.46.50:023][  0]SourceControl: Info Source control is disabled
[2015.03.27-12.46.50:023][  0]SourceControl: Info Source control is disabled
[2015.03.27-12.46.50:023][  0]SourceControl: Info Source control is disabled
[2015.03.27-12.46.50:024][  0]LogSourceControl: RunCommandInternalRaw: 'git version'
[2015.03.27-12.46.50:024][  0]LogSourceControl: RunCommandInternalRaw: ExecProcess ReturnCode=2 OutResults=''
[2015.03.27-12.46.50:036][  0]SourceControl: Info Source control is disabled
[2015.03.27-12.46.50:280][  0]LogObj: 24231 objects as part of root set at end of initial load.
[2015.03.27-12.46.50:280][  0]LogUObjectAllocator: 5136440 out of 0 bytes used by permanent object pool.
[2015.03.27-12.46.50:388][  0]LogEngine: Initializing Engine...
[2015.03.27-12.46.53:615][  0]LogInit: XAudio2 using 'Speakers (High Definition Audio Device)' : 2 channels at 44.1 kHz using 16 bits per sample (channel mask 0x3)
[2015.03.27-12.46.53:630][  0]LogInit: FAudioDevice initialized.
[2015.03.27-12.46.53:678][  0]LogAIModule: Creating AISystem for world NewWorld
[2015.03.27-12.46.53:730][  0]LogDerivedDataCache: Saved boot cache 0.05s 36MB C:/Users/Michael/AppData/Local/UnrealEngine/4.7/DerivedDataCache/Boot.ddc.
[2015.03.27-12.46.53:738][  0]LogInit: Texture streaming: Enabled
[2015.03.27-12.46.53:867][  0]LogAnalytics: Creating configured Analytics provider AnalyticsET
[2015.03.27-12.46.53:867][  0]LogAnalytics: ET APIKey = Rocket.Release. APIServer = http://et2.epicgames.com/ET2/. AppVersion = 4.7.3-2479750+++depot+UE4-Releases+4.7
[2015.03.27-12.46.53:867][  0]LogAnalytics: ET APIKey = Rocket.Release. DataRouterUploadURL = https://datarouter-public-service-gamedev.ol.epicgames.net/datarouter/api/v1/public/data. AppVersion = 4.7.3-2479750+++depot+UE4-Releases+4.7
[2015.03.27-12.46.53:867][  0]LogAnalytics: SetUserId 7f26db7d490dcf39ea28f3960bd628d0|a1195fd1adae4046b227f115d7e44c98|9b6f183d-91d0-4b31-8c49-b846b56ad17d
[2015.03.27-12.46.53:868][  0]LogAnalytics: AnalyticsET::StartSession [Rocket.Release]
[2015.03.27-12.46.53:915][  0]LogInit: Transaction tracking system initialized
[2015.03.27-12.46.54:157][  0]BlueprintLog: New page: Editor Load
[2015.03.27-12.46.54:198][  0]LogAssetRegistry: FAssetRegistry took 0.0103 seconds to start up
[2015.03.27-12.46.54:199][  0]LogDirectoryWatcher:Warning: Failed to begin reading directory changes for ../../../Engine/Plugins/Experimental/CharacterAI/Content/. Error: 0
[2015.03.27-12.46.55:025][  0]LogTargetPlatformManager:Display: Building Assets For Windows
[2015.03.27-12.46.55:605][  0]LogTargetPlatformManager:Display: Building Assets For Windows
[2015.03.27-12.46.55:952][  0]LogSlate:Warning: Failed to load font data from '../../../Engine/Content/Editor/Slate/Fonts/Roboto-Regular.ttf'
[2015.03.27-12.46.55:953][  0]LogSlate:Warning: Failed to load font data from '../../../Engine/Content/Editor/Slate/Fonts/Roboto-Bold.ttf'
[2015.03.27-12.46.56:012][  0]LogConsoleResponse:Display: 
[2015.03.27-12.46.56:266][  0]LogCook:Display: Done creating registry. It took  0.00s.
[2015.03.27-12.46.56:480][  0]SourceControl: Info Source control is disabled
[2015.03.27-12.46.56:480][  0]Cmd: MAP LOAD FILE="../../../../../../Users/Michael/Documents/Unreal Projects/Redoxv2/RedoxV2/Content/FirstPersonBP/Maps/FirstPersonExampleMap.umap" TEMPLATE=0 SHOWPROGRESS=1 FEATURELEVEL=2
[2015.03.27-12.46.56:481][  0]LightingResults: New page: Lighting Build
[2015.03.27-12.46.56:504][  0]MapCheck: New page: Map Check
[2015.03.27-12.46.56:504][  0]LightingResults: New page: Lighting Build
[2015.03.27-12.46.56:535][  0]LogParticles: Destroying 0 GPU particle simulations for FXSystem 0x0000000012F768E0
[2015.03.27-12.46.56:590][  0]LogLinker:Warning: Asset '../../../Engine/Content/EngineMeshes/Humanoid.uasset' has been saved with empty engine version. The asset will be loaded but may be incompatible.
[2015.03.27-12.46.59:845][  0]LogEditorServer: Finished looking for orphan Actors (0.000 secs)
[2015.03.27-12.47.01:395][  0]LogAIModule: Creating AISystem for world FirstPersonExampleMap
[2015.03.27-12.47.01:396][  0]Cmd: MAP CHECKDEP
[2015.03.27-12.47.01:396][  0]MapCheck: New page: FirstPersonExampleMap - Mar 27, 2015, 4:47:01 AM
[2015.03.27-12.47.01:512][  0]MapCheck: Info Map check complete: 0 Error(s), 0 Warning(s), took 116.531ms to complete.
[2015.03.27-12.47.01:513][  0]LogFileHelpers: Loading map 'FirstPersonExampleMap' took 5.033
[2015.03.27-12.47.01:674][  0]LogCollectionManager: Loaded 0 collections in 0.001991 seconds
[2015.03.27-12.47.01:691][  0]LogContentBrowser: Native class hierarchy populated in 0.0175 seconds. Added 1696 classes and 261 folders.
[2015.03.27-12.47.01:733][  0]LogContentBrowser: Native class hierarchy updated for 'SceneOutliner' in 0.0025 seconds. Added 1 classes and 2 folders.
[2015.03.27-12.47.01:904][  0]LogCrashTracker: Crashtracker disabled due to settings.
[2015.03.27-12.47.01:907][  0]LogSlate:Warning: Failed to load font data from 'Veranda'
[2015.03.27-12.47.01:919][  0]LogUObjectGlobals:Warning: Failed to find object 'Class None.'
[2015.03.27-12.47.01:966][  0]LogLoad: Full Startup: 21.89 seconds (BP compile: 0.96 seconds)
[2015.03.27-12.47.02:874][  0]LogContentBrowser:Verbose: The content browser source was changed by the sources view to '/Game/StarterContent/Materials'
[2015.03.27-12.47.03:096][  0]LogRenderer:Warning: Reallocating scene render targets to support 32x32 (Frame:2).
[2015.03.27-12.47.05:463][  0]LogRenderer:Warning: Reallocating scene render targets to support 1008x456 (Frame:7).
[2015.03.27-12.47.08:597][  9]LogAssetRegistry: Asset discovery search completed in 14.4101 seconds
[2015.03.27-12.47.12:108][ 45]LogEditorViewport: Clicking on Actor (context menu): StaticMeshActor (Floor2)
[2015.03.27-12.47.25:259][396]LogEditorViewport: Clicking on Actor (LMB): StaticMeshActor (Floor2)
[2015.03.27-12.47.27:508][420]LogEditorViewport: Clicking on Actor (LMB): FirstPersonCharacter_C (FirstPersonCharacter)
[2015.03.27-12.47.29:160][433]LogEditorViewport: Clicking on Actor (context menu): FirstPersonCharacter_C (FirstPersonCharacter)
[2015.03.27-12.48.12:860][582]LogParticles: Destroying 0 GPU particle simulations for FXSystem 0x0000000019BDA980
[2015.03.27-12.48.14:295][583]Cmd: QUIT_EDITOR
[2015.03.27-12.48.15:113][583]LogExit: Preparing to exit.
[2015.03.27-12.48.16:417][583]LogExit: Editor shut down
[2015.03.27-12.48.16:418][583]LogExit: Transaction tracking system shut down
[2015.03.27-12.48.18:025][583]LogParticles: Destroying 0 GPU particle simulations for FXSystem 0x000000000C10A700
[2015.03.27-12.48.18:025][583]LogParticles: Destroying 0 GPU particle simulations for FXSystem 0x000000001A3482C0
[2015.03.27-12.48.18:025][583]LogParticles: Destroying 0 GPU particle simulations for FXSystem 0x0000000044CD0D60
[2015.03.27-12.48.18:025][583]LogParticles: Destroying 0 GPU particle simulations for FXSystem 0x000000005F3FBCE0
[2015.03.27-12.48.18:026][583]LogExit: Object subsystem successfully closed.
[2015.03.27-12.48.19:634][583]LogModuleManager: Shutting down and abandoning module CrashTracker (177)
[2015.03.27-12.48.19:636][583]LogModuleManager: Shutting down and abandoning module SuperSearch (176)
[2015.03.27-12.48.19:636][583]LogModuleManager: Shutting down and abandoning module SceneOutliner (175)
[2015.03.27-12.48.19:636][583]LogModuleManager: Shutting down and abandoning module EditorWidgets (174)
[2015.03.27-12.48.19:636][583]LogModuleManager: Shutting down and abandoning module CollectionManager (173)
[2015.03.27-12.48.19:644][583]LogModuleManager: Shutting down and abandoning module StatsViewer (172)
[2015.03.27-12.48.19:664][583]LogModuleManager: Shutting down and abandoning module FoliageEdit (171)
[2015.03.27-12.48.19:665][583]LogModuleManager: Shutting down and abandoning module LandscapeEditor (170)
[2015.03.27-12.48.19:687][583]LogModuleManager: Shutting down and abandoning module MeshPaint (169)
[2015.03.27-12.48.19:700][583]LogModuleManager: Shutting down and abandoning module ActorPickerMode (168)
[2015.03.27-12.48.19:700][583]LogModuleManager: Shutting down and abandoning module GeometryMode (167)
[2015.03.27-12.48.19:700][583]LogModuleManager: Shutting down and abandoning module TextureAlignMode (166)
[2015.03.27-12.48.19:700][583]LogModuleManager: Shutting down and abandoning module BspMode (165)
[2015.03.27-12.48.19:700][583]LogModuleManager: Shutting down and abandoning module PlacementMode (164)
[2015.03.27-12.48.19:700][583]LogModuleManager: Shutting down and abandoning module AutomationWorker (163)
[2015.03.27-12.48.19:700][583]LogModuleManager: Shutting down and abandoning module CharacterAI (162)
[2015.03.27-12.48.19:700][583]LogModuleManager: Shutting down and abandoning module SmartSnapping (161)
[2015.03.27-12.48.19:700][583]LogModuleManager: Shutting down and abandoning module ViewportSnapping (160)
[2015.03.27-12.48.19:700][583]LogModuleManager: Shutting down and abandoning module LogVisualizer (159)
[2015.03.27-12.48.19:751][583]LogModuleManager: Shutting down and abandoning module GameProjectGeneration (158)
[2015.03.27-12.48.19:765][583]LogModuleManager: Shutting down and abandoning module IntroTutorials (157)
[2015.03.27-12.48.19:822][583]LogModuleManager: Shutting down and abandoning module EditorLiveStreaming (156)
[2015.03.27-12.48.19:835][583]LogModuleManager: Shutting down and abandoning module HardwareTargeting (155)
[2015.03.27-12.48.19:835][583]LogModuleManager: Shutting down and abandoning module DeviceProfileEditor (154)
[2015.03.27-12.48.19:846][583]LogModuleManager: Shutting down and abandoning module UndoHistory (153)
[2015.03.27-12.48.19:861][583]LogModuleManager: Shutting down and abandoning module GameplayTagsEditor (152)
[2015.03.27-12.48.19:861][583]LogModuleManager: Shutting down and abandoning module UserFeedback (151)
[2015.03.27-12.48.19:861][583]LogModuleManager: Shutting down and abandoning module XmlParser (150)
[2015.03.27-12.48.19:861][583]LogModuleManager: Shutting down and abandoning module Blutility (149)
[2015.03.27-12.48.19:861][583]LogModuleManager: Shutting down and abandoning module IOSPlatformEditor (148)
[2015.03.27-12.48.19:861][583]LogModuleManager: Shutting down and abandoning module IOSRuntimeSettings (147)
[2015.03.27-12.48.19:861][583]LogModuleManager: Shutting down and abandoning module AndroidDeviceDetection (146)
[2015.03.27-12.48.20:729][583]LogModuleManager: Shutting down and abandoning module AndroidPlatformEditor (145)
[2015.03.27-12.48.20:729][583]LogModuleManager: Shutting down and abandoning module AndroidRuntimeSettings (144)
[2015.03.27-12.48.20:729][583]LogModuleManager: Shutting down and abandoning module ProjectTargetPlatformEditor (143)
[2015.03.27-12.48.20:777][583]LogModuleManager: Shutting down and abandoning module ProjectSettingsViewer (142)
[2015.03.27-12.48.20:777][583]LogModuleManager: Shutting down and abandoning module InputBindingEditor (141)
[2015.03.27-12.48.20:808][583]LogModuleManager: Shutting down and abandoning module EditorSettingsViewer (140)
[2015.03.27-12.48.20:808][583]LogModuleManager: Shutting down and abandoning module SettingsEditor (139)
[2015.03.27-12.48.20:821][583]LogModuleManager: Shutting down and abandoning module ProjectLauncher (138)
[2015.03.27-12.48.20:848][583]LogModuleManager: Shutting down and abandoning module SessionFrontend (137)
[2015.03.27-12.48.20:866][583]LogModuleManager: Shutting down and abandoning module ProfilerClient (136)
[2015.03.27-12.48.20:878][583]LogModuleManager: Shutting down and abandoning module TargetDeviceServices (135)
[2015.03.27-12.48.20:878][583]LogModuleManager: Shutting down and abandoning module DeviceManager (134)
[2015.03.27-12.48.20:894][583]LogModuleManager: Shutting down and abandoning module AutomationController (133)
[2015.03.27-12.48.20:911][583]LogModuleManager: Shutting down and abandoning module AutomationWindow (132)
[2015.03.27-12.48.20:920][583]LogModuleManager: Shutting down and abandoning module Layers (131)
[2015.03.27-12.48.20:954][583]LogModuleManager: Shutting down and abandoning module ComponentVisualizers (130)
[2015.03.27-12.48.20:954][583]LogModuleManager: Shutting down and abandoning module DetailCustomizations (129)
[2015.03.27-12.48.20:954][583]LogModuleManager: Shutting down and abandoning module PackagesDialog (128)
[2015.03.27-12.48.20:976][583]LogModuleManager: Shutting down and abandoning module AssetRegistry (127)
[2015.03.27-12.48.21:065][583]LogModuleManager: Shutting down and abandoning module Persona (126)
[2015.03.27-12.48.21:100][583]LogModuleManager: Shutting down and abandoning module SlateReflector (125)
[2015.03.27-12.48.21:115][583]LogModuleManager: Shutting down and abandoning module LevelEditor (124)
[2015.03.27-12.48.21:128][583]LogModuleManager: Shutting down and abandoning module Kismet (123)
[2015.03.27-12.48.21:128][583]LogModuleManager: Shutting down and abandoning module GraphEditor (122)
[2015.03.27-12.48.21:128][583]LogModuleManager: Shutting down and abandoning module ClassViewer (121)
[2015.03.27-12.48.21:128][583]LogModuleManager: Shutting down and abandoning module Toolbox (120)
[2015.03.27-12.48.21:128][583]LogModuleManager: Shutting down and abandoning module ModuleUI (119)
[2015.03.27-12.48.21:133][583]LogModuleManager: Shutting down and abandoning module MovieSceneTools (118)
[2015.03.27-12.48.21:165][583]LogModuleManager: Shutting down and abandoning module OutputLog (117)
[2015.03.27-12.48.21:165][583]LogModuleManager: Shutting down and abandoning module GammaUI (116)
[2015.03.27-12.48.21:177][583]LogModuleManager: Shutting down and abandoning module Documentation (115)
[2015.03.27-12.48.21:177][583]LogModuleManager: Shutting down and abandoning module GameLiveStreaming (114)
[2015.03.27-12.48.21:192][583]LogModuleManager: Shutting down and abandoning module StreamingPauseRendering (113)
[2015.03.27-12.48.21:205][583]LogModuleManager: Shutting down and abandoning module HTTP (112)
[2015.03.27-12.48.21:206][583]LogModuleManager: Shutting down and abandoning module AnalyticsET (111)
[2015.03.27-12.48.21:206][583]LogModuleManager: Shutting down and abandoning module Analytics (110)
[2015.03.27-12.48.21:206][583]LogModuleManager: Shutting down and abandoning module AITestSuite (109)
[2015.03.27-12.48.21:222][583]LogModuleManager: Shutting down and abandoning module GameplayDebugger (108)
[2015.03.27-12.48.21:238][583]LogModuleManager: Shutting down and abandoning module AIModule (107)
[2015.03.27-12.48.21:248][583]LogModuleManager: Shutting down and abandoning module ProfilerService (106)
[2015.03.27-12.48.21:509][583]LogModuleManager: Shutting down and abandoning module TaskGraph (105)
[2015.03.27-12.48.21:552][583]LogModuleManager: Shutting down and abandoning module SlateRemote (104)
[2015.03.27-12.48.21:552][583]LogModuleManager: Shutting down and abandoning module ScriptEditorPlugin (103)
[2015.03.27-12.48.21:552][583]LogModuleManager: Shutting down and abandoning module CustomMeshComponent (102)
[2015.03.27-12.48.21:552][583]LogModuleManager: Shutting down and abandoning module CableComponent (101)
[2015.03.27-12.48.21:570][583]LogModuleManager: Shutting down and abandoning module MessagingDebugger (100)
[2015.03.27-12.48.21:591][583]LogModuleManager: Shutting down and abandoning module MediaPlayerEditor (99)
[2015.03.27-12.48.21:604][583]LogModuleManager: Shutting down and abandoning module SpeedTreeImporter (98)
[2015.03.27-12.48.21:604][583]LogModuleManager: Shutting down and abandoning module PluginsEditor (97)
[2015.03.27-12.48.21:618][583]LogModuleManager: Shutting down and abandoning module MainFrame (96)
[2015.03.27-12.48.21:618][583]LogModuleManager: Shutting down and abandoning module EpicSurvey (95)
[2015.03.27-12.48.21:637][583]LogModuleManager: Shutting down and abandoning module DesktopPlatform (94)
[2015.03.27-12.48.21:653][583]LogModuleManager: Shutting down and abandoning module DirectoryWatcher (93)
[2015.03.27-12.48.21:654][583]LogModuleManager: Shutting down and abandoning module HotReload (92)
[2015.03.27-12.48.21:662][583]LogModuleManager: Shutting down and abandoning module VisualStudioSourceCodeAccess (91)
[2015.03.27-12.48.21:662][583]LogModuleManager: Shutting down and abandoning module UObjectPlugin (90)
[2015.03.27-12.48.21:662][583]LogModuleManager: Shutting down and abandoning module SubversionSourceControl (89)
[2015.03.27-12.48.21:678][583]LogModuleManager: Shutting down and abandoning module PerforceSourceControl (88)
[2015.03.27-12.48.21:705][583]LogModuleManager: Shutting down and abandoning module SourceControl (87)
[2015.03.27-12.48.21:719][583]LogModuleManager: Shutting down and abandoning module GitSourceControl (86)
[2015.03.27-12.48.21:734][583]LogModuleManager: Shutting down and abandoning module BlankPlugin (85)
[2015.03.27-12.48.21:734][583]LogModuleManager: Shutting down and abandoning module PaperTiledImporter (84)
[2015.03.27-12.48.21:734][583]LogModuleManager: Shutting down and abandoning module PaperJsonImporter (83)
[2015.03.27-12.48.21:743][583]LogModuleManager: Shutting down and abandoning module ContentBrowser (82)
[2015.03.27-12.48.21:744][583]LogModuleManager: Shutting down and abandoning module Paper2DEditor (81)
[2015.03.27-12.48.21:781][583]LogModuleManager: Shutting down and abandoning module ScriptPlugin (80)
[2015.03.27-12.48.21:781][583]LogModuleManager: Shutting down and abandoning module UdpMessaging (79)
[2015.03.27-12.48.21:882][583]LogModuleManager: Shutting down and abandoning module Paper2D (78)
[2015.03.27-12.48.21:919][583]LogModuleManager: Shutting down and abandoning module WindowsMoviePlayer (77)
[2015.03.27-12.48.21:930][583]LogModuleManager: Shutting down and abandoning module Media (76)
[2015.03.27-12.48.21:930][583]LogModuleManager: Shutting down and abandoning module WmfMedia (75)
[2015.03.27-12.48.21:964][583]LogModuleManager: Shutting down and abandoning module OnlineBlueprintSupport (74)
[2015.03.27-12.48.21:964][583]LogModuleManager: Shutting down and abandoning module PropertyEditor (73)
[2015.03.27-12.48.21:964][583]LogModuleManager: Shutting down and abandoning module BehaviorTreeEditor (72)
[2015.03.27-12.48.22:000][583]LogModuleManager: Shutting down and abandoning module FunctionalTesting (71)
[2015.03.27-12.48.22:034][583]LogModuleManager: Shutting down and abandoning module CollisionAnalyzer (70)
[2015.03.27-12.48.22:061][583]LogModuleManager: Shutting down and abandoning module WorkspaceMenuStructure (69)
[2015.03.27-12.48.22:061][583]LogModuleManager: Shutting down and abandoning module MessageLog (68)
[2015.03.27-12.48.22:061][583]LogModuleManager: Shutting down and abandoning module Sequencer (67)
[2015.03.27-12.48.22:096][583]LogModuleManager: Shutting down and abandoning module AssetTools (66)
[2015.03.27-12.48.22:131][583]LogModuleManager: Shutting down and abandoning module UMGEditor (65)
[2015.03.27-12.48.22:151][583]LogModuleManager: Shutting down and abandoning module UMG (64)
[2015.03.27-12.48.22:151][583]LogModuleManager: Shutting down and abandoning module Slate (63)
[2015.03.27-12.48.22:151][583]LogModuleManager: Shutting down and abandoning module EditorStyle (62)
[2015.03.27-12.48.22:156][583]LogModuleManager: Shutting down and abandoning module SessionServices (61)
[2015.03.27-12.48.22:156][583]LogModuleManager: Shutting down and abandoning module SourceCodeAccess (60)
[2015.03.27-12.48.22:157][583]LogModuleManager: Shutting down and abandoning module HeadMountedDisplay (59)
[2015.03.27-12.48.22:157][583]LogModuleManager: Shutting down and abandoning module XAudio2 (58)
[2015.03.27-12.48.22:157][583]LogModuleManager: Shutting down and abandoning module Networking (56)
[2015.03.27-12.48.22:157][583]LogModuleManager: Shutting down and abandoning module Core (55)
[2015.03.27-12.48.22:157][583]LogModuleManager: Shutting down and abandoning module KismetCompiler (54)
[2015.03.27-12.48.22:157][583]LogModuleManager: Shutting down and abandoning module PhysXFormats (53)
[2015.03.27-12.48.22:157][583]LogModuleManager: Shutting down and abandoning module MeshUtilities (52)
[2015.03.27-12.48.22:175][583]LogModuleManager: Shutting down and abandoning module DerivedDataCache (51)
[2015.03.27-12.48.22:459][583]LogDerivedDataCache: Shutdown
[2015.03.27-12.48.22:459][583]LogModuleManager: Shutting down and abandoning module ShaderFormatOpenGL (50)
[2015.03.27-12.48.22:491][583]LogModuleManager: Shutting down and abandoning module ShaderFormatD3D (49)
[2015.03.27-12.48.22:515][583]LogModuleManager: Shutting down and abandoning module MetalShaderFormat (48)
[2015.03.27-12.48.22:524][583]LogModuleManager: Shutting down and abandoning module TextureFormatUncompressed (47)
[2015.03.27-12.48.22:524][583]LogModuleManager: Shutting down and abandoning module TextureFormatPVR (46)
[2015.03.27-12.48.22:542][583]LogModuleManager: Shutting down and abandoning module TextureFormatIntelISPCTexComp (45)
[2015.03.27-12.48.22:559][583]LogModuleManager: Shutting down and abandoning module TextureFormatDXT (44)
[2015.03.27-12.48.22:569][583]LogModuleManager: Shutting down and abandoning module ImageWrapper (43)
[2015.03.27-12.48.22:569][583]LogModuleManager: Shutting down and abandoning module TextureFormatASTC (42)
[2015.03.27-12.48.22:582][583]LogModuleManager: Shutting down and abandoning module TextureFormatAndroid (41)
[2015.03.27-12.48.22:582][583]LogModuleManager: Shutting down and abandoning module AudioFormatOpus (40)
[2015.03.27-12.48.22:602][583]LogModuleManager: Shutting down and abandoning module AudioFormatOgg (39)
[2015.03.27-12.48.22:602][583]LogModuleManager: Shutting down and abandoning module AudioFormatADPCM (38)
[2015.03.27-12.48.22:602][583]LogModuleManager: Shutting down and abandoning module LinuxTargetPlatform (37)
[2015.03.27-12.48.22:602][583]LogModuleManager: Shutting down and abandoning module LinuxServerTargetPlatform (36)
[2015.03.27-12.48.22:616][583]LogModuleManager: Shutting down and abandoning module LinuxNoEditorTargetPlatform (35)
[2015.03.27-12.48.22:628][583]LogModuleManager: Shutting down and abandoning module Messaging (34)
[2015.03.27-12.48.22:628][583]LogModuleManager: Shutting down and abandoning module IOSTargetPlatform (33)
[2015.03.27-12.48.22:628][583]LogModuleManager: Shutting down and abandoning module HTML5TargetPlatform (32)
[2015.03.27-12.48.22:628][583]LogModuleManager: Shutting down and abandoning module Android_PVRTCTargetPlatform (31)
[2015.03.27-12.48.22:628][583]LogModuleManager: Shutting down and abandoning module Android_ETC2TargetPlatform (30)
[2015.03.27-12.48.22:628][583]LogModuleManager: Shutting down and abandoning module Android_ETC1TargetPlatform (29)
[2015.03.27-12.48.22:628][583]LogModuleManager: Shutting down and abandoning module Android_ES31TargetPlatform (28)
[2015.03.27-12.48.22:628][583]LogModuleManager: Shutting down and abandoning module Android_DXTTargetPlatform (27)
[2015.03.27-12.48.22:628][583]LogModuleManager: Shutting down and abandoning module Android_ATCTargetPlatform (26)
[2015.03.27-12.48.22:628][583]LogModuleManager: Shutting down and abandoning module AndroidTargetPlatform (25)
[2015.03.27-12.48.22:628][583]LogModuleManager: Shutting down and abandoning module WindowsTargetPlatform (24)
[2015.03.27-12.48.22:628][583]LogModuleManager: Shutting down and abandoning module WindowsServerTargetPlatform (23)
[2015.03.27-12.48.22:628][583]LogModuleManager: Shutting down and abandoning module WindowsNoEditorTargetPlatform (22)
[2015.03.27-12.48.22:628][583]LogModuleManager: Shutting down and abandoning module WindowsClientTargetPlatform (21)
[2015.03.27-12.48.22:628][583]LogModuleManager: Shutting down and abandoning module TargetPlatform (20)
[2015.03.27-12.48.22:628][583]LogModuleManager: Shutting down and abandoning module InputCore (19)
[2015.03.27-12.48.22:628][583]LogModuleManager: Shutting down and abandoning module Settings (18)
[2015.03.27-12.48.22:628][583]LogModuleManager: Shutting down and abandoning module OnlineSubsystem (16)
[2015.03.27-12.48.22:628][583]LogModuleManager: Shutting down and abandoning module OculusRift (15)
[2015.03.27-12.48.22:628][583]LogModuleManager: Shutting down and abandoning module ExampleDeviceProfileSelector (14)
[2015.03.27-12.48.22:628][583]LogModuleManager: Shutting down and abandoning module TextureCompressor (13)
[2015.03.27-12.48.22:639][583]LogModuleManager: Shutting down and abandoning module ShaderCore (12)
[2015.03.27-12.48.22:639][583]LogModuleManager: Shutting down and abandoning module Landscape (11)
[2015.03.27-12.48.22:639][583]LogModuleManager: Shutting down and abandoning module SlateRHIRenderer (10)
[2015.03.27-12.48.22:669][583]LogModuleManager: Shutting down and abandoning module OpenGLDrv (9)
[2015.03.27-12.48.22:670][583]LogModuleManager: Shutting down and abandoning module D3D11RHI (8)
[2015.03.27-12.48.22:670][583]LogModuleManager: Shutting down and abandoning module Renderer (7)
[2015.03.27-12.48.22:670][583]LogModuleManager: Shutting down and abandoning module Engine (6)
[2015.03.27-12.48.22:670][583]LogModuleManager: Shutting down and abandoning module CoreUObject (5)
[2015.03.27-12.48.22:670][583]LogModuleManager: Shutting down and abandoning module NetworkFile (4)
[2015.03.27-12.48.22:685][583]LogModuleManager: Shutting down and abandoning module StreamingFile (3)
[2015.03.27-12.48.22:701][583]LogModuleManager: Shutting down and abandoning module SandboxFile (2)
[2015.03.27-12.48.22:713][583]LogModuleManager: Shutting down and abandoning module PakFile (1)
[2015.03.27-12.48.22:731][583]LogExit: Exiting.
[2015.03.27-12.48.22:742][583]Log file closed, 03/27/15 08:48:22
